  Button.cpp
  C:\Program Files (x86)\Microsoft DirectX SDK (June 2010)\Include\dinput.h: DIRECTINPUT_VERSION undefined. Defaulting to version 0x0800
\\ifs01\서든어택1실\SA_Depts\클라이언트팀\99. 공유\김채원\Study_Git\directApp\Task01\Draw.h(79,26): warning C4324: 'CDraw': 맞춤 지정자 때문에 구조체가 채워졌습니다.
\\ifs01\서든어택1실\SA_Depts\클라이언트팀\99. 공유\김채원\Study_Git\directApp\Task01\Button.h(53,19): warning C4245: '초기화 중': 'int'에서 'UINT'(으)로의 변환입니다. signed 또는 unsigned가 일치하지 않습니다.
\\ifs01\서든어택1실\SA_Depts\클라이언트팀\99. 공유\김채원\Study_Git\directApp\Task01\Button.cpp(57,19): warning C4245: '초기화 중': 'int'에서 'UINT'(으)로의 변환입니다. signed 또는 unsigned가 일치하지 않습니다.
\\ifs01\서든어택1실\SA_Depts\클라이언트팀\99. 공유\김채원\Study_Git\directApp\Task01\Button.cpp(62,33): warning C4244: '=': 'UINT'에서 'UINT16'(으)로 변환하면서 데이터가 손실될 수 있습니다.
\\ifs01\서든어택1실\SA_Depts\클라이언트팀\99. 공유\김채원\Study_Git\directApp\Task01\Button.cpp(63,34): warning C4244: '=': 'UINT'에서 'UINT16'(으)로 변환하면서 데이터가 손실될 수 있습니다.
\\ifs01\서든어택1실\SA_Depts\클라이언트팀\99. 공유\김채원\Study_Git\directApp\Task01\Button.cpp(56,28): warning C4101: 'height' :참조되지 않은 지역 변수입니다.
\\ifs01\서든어택1실\SA_Depts\클라이언트팀\99. 공유\김채원\Study_Git\directApp\Task01\Button.cpp(56,21): warning C4101: 'width' :참조되지 않은 지역 변수입니다.
\\ifs01\서든어택1실\SA_Depts\클라이언트팀\99. 공유\김채원\Study_Git\directApp\Task01\Button.cpp(56,15): warning C4101: 'posY' :참조되지 않은 지역 변수입니다.
\\ifs01\서든어택1실\SA_Depts\클라이언트팀\99. 공유\김채원\Study_Git\directApp\Task01\Button.cpp(56,9): warning C4101: 'posX' :참조되지 않은 지역 변수입니다.
  DXDriver.cpp
  C:\Program Files (x86)\Microsoft DirectX SDK (June 2010)\Include\dinput.h: DIRECTINPUT_VERSION undefined. Defaulting to version 0x0800
\\ifs01\서든어택1실\SA_Depts\클라이언트팀\99. 공유\김채원\Study_Git\directApp\Task01\Draw.h(79,26): warning C4324: 'CDraw': 맞춤 지정자 때문에 구조체가 채워졌습니다.
\\ifs01\서든어택1실\SA_Depts\클라이언트팀\99. 공유\김채원\Study_Git\directApp\Task01\Button.h(53,19): warning C4245: '초기화 중': 'int'에서 'UINT'(으)로의 변환입니다. signed 또는 unsigned가 일치하지 않습니다.
\\ifs01\서든어택1실\SA_Depts\클라이언트팀\99. 공유\김채원\Study_Git\directApp\Task01\DXDriver.cpp(20,21): warning C4316: 'CDraw': 힙에 할당된 개체가 16에 맞추어져 있지 않을 수도 있습니다
\\ifs01\서든어택1실\SA_Depts\클라이언트팀\99. 공유\김채원\Study_Git\directApp\Task01\DXDriver.cpp(171,33): warning C4309: '인수': 상수 값이 잘립니다.
\\ifs01\서든어택1실\SA_Depts\클라이언트팀\99. 공유\김채원\Study_Git\directApp\Task01\DXDriver.cpp(175,33): warning C4309: '인수': 상수 값이 잘립니다.
\\ifs01\서든어택1실\SA_Depts\클라이언트팀\99. 공유\김채원\Study_Git\directApp\Task01\DXDriver.cpp(201,17): warning C4456: 'hr' 선언은 이전 로컬 선언을 숨깁니다.
\\ifs01\서든어택1실\SA_Depts\클라이언트팀\99. 공유\김채원\Study_Git\directApp\Task01\DXDriver.cpp(192,11): message : 'hr' 선언을 참조하십시오.
  Draw.cpp
\\ifs01\서든어택1실\SA_Depts\클라이언트팀\99. 공유\김채원\Study_Git\directApp\Task01\Draw.h(79,26): warning C4324: 'CDraw': 맞춤 지정자 때문에 구조체가 채워졌습니다.
  C:\Program Files (x86)\Microsoft DirectX SDK (June 2010)\Include\dinput.h: DIRECTINPUT_VERSION undefined. Defaulting to version 0x0800
\\ifs01\서든어택1실\SA_Depts\클라이언트팀\99. 공유\김채원\Study_Git\directApp\Task01\Button.h(53,19): warning C4245: '초기화 중': 'int'에서 'UINT'(으)로의 변환입니다. signed 또는 unsigned가 일치하지 않습니다.
\\ifs01\서든어택1실\SA_Depts\클라이언트팀\99. 공유\김채원\Study_Git\directApp\Task01\Draw.cpp(207,14): warning C4458: 'triangle' 선언은 클래스 멤버를 숨깁니다.
\\ifs01\서든어택1실\SA_Depts\클라이언트팀\99. 공유\김채원\Study_Git\directApp\Task01\Draw.h(74,14): message : 'CDraw::triangle' 선언을 참조하십시오.
\\ifs01\서든어택1실\SA_Depts\클라이언트팀\99. 공유\김채원\Study_Git\directApp\Task01\Draw.cpp(242,12): warning C4458: 'rectangle' 선언은 클래스 멤버를 숨깁니다.
\\ifs01\서든어택1실\SA_Depts\클라이언트팀\99. 공유\김채원\Study_Git\directApp\Task01\Draw.h(73,12): message : 'CDraw::rectangle' 선언을 참조하십시오.
  KeyboardMgr.cpp
  C:\Program Files (x86)\Microsoft DirectX SDK (June 2010)\Include\dinput.h: DIRECTINPUT_VERSION undefined. Defaulting to version 0x0800
\\ifs01\서든어택1실\SA_Depts\클라이언트팀\99. 공유\김채원\Study_Git\directApp\Task01\Draw.h(79,26): warning C4324: 'CDraw': 맞춤 지정자 때문에 구조체가 채워졌습니다.
\\ifs01\서든어택1실\SA_Depts\클라이언트팀\99. 공유\김채원\Study_Git\directApp\Task01\KeyboardMgr.cpp(64,71): warning C4100: 'lParam': 참조되지 않은 정식 매개 변수입니다.
\\ifs01\서든어택1실\SA_Depts\클라이언트팀\99. 공유\김채원\Study_Git\directApp\Task01\KeyboardMgr.cpp(64,44): warning C4100: 'msg': 참조되지 않은 정식 매개 변수입니다.
\\ifs01\서든어택1실\SA_Depts\클라이언트팀\99. 공유\김채원\Study_Git\directApp\Task01\KeyboardMgr.cpp(64,33): warning C4100: 'hWnd': 참조되지 않은 정식 매개 변수입니다.
  MouseMgr.cpp
  C:\Program Files (x86)\Microsoft DirectX SDK (June 2010)\Include\dinput.h: DIRECTINPUT_VERSION undefined. Defaulting to version 0x0800
\\ifs01\서든어택1실\SA_Depts\클라이언트팀\99. 공유\김채원\Study_Git\directApp\Task01\Draw.h(79,26): warning C4324: 'CDraw': 맞춤 지정자 때문에 구조체가 채워졌습니다.
\\ifs01\서든어택1실\SA_Depts\클라이언트팀\99. 공유\김채원\Study_Git\directApp\Task01\Button.h(53,19): warning C4245: '초기화 중': 'int'에서 'UINT'(으)로의 변환입니다. signed 또는 unsigned가 일치하지 않습니다.
\\ifs01\서든어택1실\SA_Depts\클라이언트팀\99. 공유\김채원\Study_Git\directApp\Task01\MouseMgr.cpp(57,43): warning C4100: 'msg': 참조되지 않은 정식 매개 변수입니다.
  ObjMgr.cpp
\\ifs01\서든어택1실\SA_Depts\클라이언트팀\99. 공유\김채원\Study_Git\directApp\Task01\ObjMgr.cpp(5): warning C4603: '_CRT_SECURE_NO_WARNINGS': 매크로가 정의되지 않았거나 미리 컴파일된 헤더 사용 후와 정의가 다릅니다.
\\ifs01\서든어택1실\SA_Depts\클라이언트팀\99. 공유\김채원\Study_Git\directApp\Task01\ObjMgr.cpp(5): message : 여기에서 정의하지 않고 미리 컴파일된 헤더에 매크로 추가
\\ifs01\서든어택1실\SA_Depts\클라이언트팀\99. 공유\김채원\Study_Git\directApp\Task01\ObjMgr.cpp(6): message : 미리 컴파일된 헤더 사용
  C:\Program Files (x86)\Microsoft DirectX SDK (June 2010)\Include\dinput.h: DIRECTINPUT_VERSION undefined. Defaulting to version 0x0800
\\ifs01\서든어택1실\SA_Depts\클라이언트팀\99. 공유\김채원\Study_Git\directApp\Task01\ObjMgr.cpp(149,21): warning C4244: '인수': 'double'에서 '_Ty'(으)로 변환하면서 데이터가 손실될 수 있습니다.
          with
          [
              _Ty=FLOAT
          ]
  Timer.cpp
  C:\Program Files (x86)\Microsoft DirectX SDK (June 2010)\Include\dinput.h: DIRECTINPUT_VERSION undefined. Defaulting to version 0x0800
  WinApp.cpp
  C:\Program Files (x86)\Microsoft DirectX SDK (June 2010)\Include\dinput.h: DIRECTINPUT_VERSION undefined. Defaulting to version 0x0800
\\ifs01\서든어택1실\SA_Depts\클라이언트팀\99. 공유\김채원\Study_Git\directApp\Task01\Draw.h(79,26): warning C4324: 'CDraw': 맞춤 지정자 때문에 구조체가 채워졌습니다.
\\ifs01\서든어택1실\SA_Depts\클라이언트팀\99. 공유\김채원\Study_Git\directApp\Task01\Button.h(53,19): warning C4245: '초기화 중': 'int'에서 'UINT'(으)로의 변환입니다. signed 또는 unsigned가 일치하지 않습니다.
\\ifs01\서든어택1실\SA_Depts\클라이언트팀\99. 공유\김채원\Study_Git\directApp\Task01\WinApp.cpp(171,8): warning C4189: 'd': 지역 변수가 초기화되었으나 참조되지 않았습니다.
  main.cpp
  C:\Program Files (x86)\Microsoft DirectX SDK (June 2010)\Include\dinput.h: DIRECTINPUT_VERSION undefined. Defaulting to version 0x0800
\\ifs01\서든어택1실\SA_Depts\클라이언트팀\99. 공유\김채원\Study_Git\directApp\Task01\main.cpp(24,113): warning C4100: 'nShowCmd': 참조되지 않은 정식 매개 변수입니다.
\\ifs01\서든어택1실\SA_Depts\클라이언트팀\99. 공유\김채원\Study_Git\directApp\Task01\main.cpp(24,93): warning C4100: 'lpCmdLine': 참조되지 않은 정식 매개 변수입니다.
\\ifs01\서든어택1실\SA_Depts\클라이언트팀\99. 공유\김채원\Study_Git\directApp\Task01\main.cpp(24,66): warning C4100: 'hPrevInstance': 참조되지 않은 정식 매개 변수입니다.
\\ifs01\서든어택1실\SA_Depts\클라이언트팀\99. 공유\김채원\Study_Git\directApp\Task01\main.cpp(24,36): warning C4100: 'hInstance': 참조되지 않은 정식 매개 변수입니다.
  코드를 생성하고 있습니다...
  Task01.vcxproj -> \\ifs01\서든어택1실\SA_Depts\클라이언트팀\99. 공유\김채원\Study_Git\directApp\Debug\Task01.exe
